{"/home/monia/Área de Trabalho/WebDev/RARO/raro-tube-grupo-200-OK/src/@types/dto/UserDto.ts": {"path":"/home/monia/Área de Trabalho/WebDev/RARO/raro-tube-grupo-200-OK/src/@types/dto/UserDto.ts","statementMap":{"0":{"start":{"line":1,"column":0},"end":{"line":1,"column":47}},"1":{"start":{"line":3,"column":0},"end":{"line":3,"column":13}},"2":{"start":{"line":15,"column":4},"end":{"line":15,"column":12}},"3":{"start":{"line":16,"column":4},"end":{"line":16,"column":26}},"4":{"start":{"line":13,"column":0},"end":{"line":13,"column":13}}},"fnMap":{"0":{"name":"(anonymous_0)","decl":{"start":{"line":14,"column":2},"end":{"line":14,"column":14}},"loc":{"start":{"line":14,"column":24},"end":{"line":17,"column":3}}}},"branchMap":{},"s":{"0":1,"1":1,"2":0,"3":0,"4":1},"f":{"0":0},"b":{}}
,"/home/monia/Área de Trabalho/WebDev/RARO/raro-tube-grupo-200-OK/src/@types/errors/ForbiddenError.ts": {"path":"/home/monia/Área de Trabalho/WebDev/RARO/raro-tube-grupo-200-OK/src/@types/errors/ForbiddenError.ts","statementMap":{"0":{"start":{"line":12,"column":4},"end":{"line":12,"column":19}},"1":{"start":{"line":13,"column":4},"end":{"line":13,"column":33}},"2":{"start":{"line":14,"column":4},"end":{"line":14,"column":26}},"3":{"start":{"line":7,"column":0},"end":{"line":7,"column":13}}},"fnMap":{"0":{"name":"(anonymous_0)","decl":{"start":{"line":11,"column":2},"end":{"line":11,"column":14}},"loc":{"start":{"line":11,"column":26},"end":{"line":15,"column":3}}}},"branchMap":{"0":{"loc":{"start":{"line":11,"column":14},"end":{"line":11,"column":26}},"type":"default-arg","locations":[{"start":{"line":11,"column":24},"end":{"line":11,"column":26}}]}},"s":{"0":4,"1":4,"2":4,"3":1},"f":{"0":4},"b":{"0":[1]}}
,"/home/monia/Área de Trabalho/WebDev/RARO/raro-tube-grupo-200-OK/src/@types/errors/InvalidEmailOrPassword.ts": {"path":"/home/monia/Área de Trabalho/WebDev/RARO/raro-tube-grupo-200-OK/src/@types/errors/InvalidEmailOrPassword.ts","statementMap":{"0":{"start":{"line":1,"column":0},"end":{"line":1,"column":56}},"1":{"start":{"line":6,"column":4},"end":{"line":6,"column":39}},"2":{"start":{"line":7,"column":4},"end":{"line":7,"column":41}},"3":{"start":{"line":3,"column":0},"end":{"line":3,"column":13}}},"fnMap":{"0":{"name":"(anonymous_0)","decl":{"start":{"line":5,"column":2},"end":{"line":5,"column":null}},"loc":{"start":{"line":5,"column":2},"end":{"line":8,"column":3}}}},"branchMap":{},"s":{"0":1,"1":2,"2":2,"3":1},"f":{"0":2},"b":{}}
,"/home/monia/Área de Trabalho/WebDev/RARO/raro-tube-grupo-200-OK/src/@types/errors/UnauthorizedError.ts": {"path":"/home/monia/Área de Trabalho/WebDev/RARO/raro-tube-grupo-200-OK/src/@types/errors/UnauthorizedError.ts","statementMap":{"0":{"start":{"line":12,"column":4},"end":{"line":12,"column":19}},"1":{"start":{"line":13,"column":4},"end":{"line":13,"column":36}},"2":{"start":{"line":14,"column":4},"end":{"line":14,"column":26}},"3":{"start":{"line":7,"column":0},"end":{"line":7,"column":13}}},"fnMap":{"0":{"name":"(anonymous_0)","decl":{"start":{"line":11,"column":2},"end":{"line":11,"column":14}},"loc":{"start":{"line":11,"column":26},"end":{"line":15,"column":3}}}},"branchMap":{"0":{"loc":{"start":{"line":11,"column":14},"end":{"line":11,"column":26}},"type":"default-arg","locations":[{"start":{"line":11,"column":24},"end":{"line":11,"column":26}}]}},"s":{"0":2,"1":2,"2":2,"3":1},"f":{"0":2},"b":{"0":[0]}}
,"/home/monia/Área de Trabalho/WebDev/RARO/raro-tube-grupo-200-OK/src/@types/errors/UserPasswordInvalid.ts": {"path":"/home/monia/Área de Trabalho/WebDev/RARO/raro-tube-grupo-200-OK/src/@types/errors/UserPasswordInvalid.ts","statementMap":{"0":{"start":{"line":1,"column":0},"end":{"line":1,"column":56}},"1":{"start":{"line":6,"column":4},"end":{"line":6,"column":38}},"2":{"start":{"line":7,"column":4},"end":{"line":7,"column":40}},"3":{"start":{"line":3,"column":0},"end":{"line":3,"column":13}}},"fnMap":{"0":{"name":"(anonymous_0)","decl":{"start":{"line":5,"column":2},"end":{"line":5,"column":null}},"loc":{"start":{"line":5,"column":2},"end":{"line":8,"column":3}}}},"branchMap":{},"s":{"0":1,"1":0,"2":0,"3":1},"f":{"0":0},"b":{}}
,"/home/monia/Área de Trabalho/WebDev/RARO/raro-tube-grupo-200-OK/src/helpers/HashPassword.ts": {"path":"/home/monia/Área de Trabalho/WebDev/RARO/raro-tube-grupo-200-OK/src/helpers/HashPassword.ts","statementMap":{"0":{"start":{"line":1,"column":0},"end":{"line":1,"column":36}},"1":{"start":{"line":3,"column":28},"end":{"line":8,"column":1}},"2":{"start":{"line":4,"column":2},"end":{"line":4,"column":54}},"3":{"start":{"line":3,"column":13},"end":{"line":3,"column":28}}},"fnMap":{"0":{"name":"(anonymous_0)","decl":{"start":{"line":3,"column":28},"end":{"line":3,"column":29}},"loc":{"start":{"line":3,"column":57},"end":{"line":8,"column":1}}}},"branchMap":{},"s":{"0":1,"1":1,"2":3,"3":1},"f":{"0":3},"b":{}}
,"/home/monia/Área de Trabalho/WebDev/RARO/raro-tube-grupo-200-OK/src/helpers/Token.ts": {"path":"/home/monia/Área de Trabalho/WebDev/RARO/raro-tube-grupo-200-OK/src/helpers/Token.ts","statementMap":{"0":{"start":{"line":1,"column":0},"end":{"line":1,"column":44}},"1":{"start":{"line":5,"column":29},"end":{"line":14,"column":1}},"2":{"start":{"line":7,"column":24},"end":{"line":9,"column":4}},"3":{"start":{"line":11,"column":2},"end":{"line":13,"column":null}},"4":{"start":{"line":5,"column":13},"end":{"line":5,"column":29}},"5":{"start":{"line":16,"column":30},"end":{"line":25,"column":3}},"6":{"start":{"line":18,"column":24},"end":{"line":20,"column":6}},"7":{"start":{"line":22,"column":4},"end":{"line":24,"column":null}},"8":{"start":{"line":16,"column":13},"end":{"line":16,"column":30}}},"fnMap":{"0":{"name":"(anonymous_0)","decl":{"start":{"line":5,"column":29},"end":{"line":5,"column":30}},"loc":{"start":{"line":5,"column":52},"end":{"line":14,"column":1}}},"1":{"name":"(anonymous_1)","decl":{"start":{"line":16,"column":30},"end":{"line":16,"column":31}},"loc":{"start":{"line":16,"column":61},"end":{"line":25,"column":3}}}},"branchMap":{},"s":{"0":1,"1":1,"2":0,"3":0,"4":1,"5":1,"6":0,"7":0,"8":1},"f":{"0":0,"1":0},"b":{}}
,"/home/monia/Área de Trabalho/WebDev/RARO/raro-tube-grupo-200-OK/src/helpers/sendEmail.ts": {"path":"/home/monia/Área de Trabalho/WebDev/RARO/raro-tube-grupo-200-OK/src/helpers/sendEmail.ts","statementMap":{"0":{"start":{"line":1,"column":0},"end":{"line":1,"column":41}},"1":{"start":{"line":7,"column":22},"end":{"line":14,"column":4}},"2":{"start":{"line":16,"column":22},"end":{"line":20,"column":4}},"3":{"start":{"line":22,"column":2},"end":{"line":28,"column":5}},"4":{"start":{"line":23,"column":4},"end":{"line":27,"column":null}},"5":{"start":{"line":24,"column":6},"end":{"line":24,"column":45}},"6":{"start":{"line":26,"column":6},"end":{"line":26,"column":50}},"7":{"start":{"line":6,"column":0},"end":{"line":6,"column":7}}},"fnMap":{"0":{"name":"sendEmail","decl":{"start":{"line":6,"column":22},"end":{"line":6,"column":31}},"loc":{"start":{"line":6,"column":68},"end":{"line":30,"column":1}}},"1":{"name":"(anonymous_1)","decl":{"start":{"line":22,"column":36},"end":{"line":22,"column":45}},"loc":{"start":{"line":22,"column":56},"end":{"line":28,"column":3}}}},"branchMap":{"0":{"loc":{"start":{"line":23,"column":4},"end":{"line":27,"column":null}},"type":"if","locations":[{"start":{"line":23,"column":4},"end":{"line":27,"column":null}},{"start":{"line":25,"column":11},"end":{"line":27,"column":null}}]}},"s":{"0":1,"1":0,"2":0,"3":0,"4":0,"5":0,"6":0,"7":1},"f":{"0":0,"1":0},"b":{"0":[0,0]}}
,"/home/monia/Área de Trabalho/WebDev/RARO/raro-tube-grupo-200-OK/src/models/classroomEntity.ts": {"path":"/home/monia/Área de Trabalho/WebDev/RARO/raro-tube-grupo-200-OK/src/models/classroomEntity.ts","statementMap":{"0":{"start":{"line":1,"column":0},"end":{"line":1,"column":null}},"1":{"start":{"line":8,"column":0},"end":{"line":8,"column":null}},"2":{"start":{"line":19,"column":0},"end":{"line":19,"column":36}},"3":{"start":{"line":20,"column":0},"end":{"line":20,"column":36}},"4":{"start":{"line":22,"column":0},"end":{"line":22,"column":54}},"5":{"start":{"line":23,"column":0},"end":{"line":23,"column":38}},"6":{"start":{"line":26,"column":0},"end":{"line":73,"column":null}},"7":{"start":{"line":67,"column":4},"end":{"line":70,"column":null}},"8":{"start":{"line":68,"column":6},"end":{"line":68,"column":25}},"9":{"start":{"line":69,"column":6},"end":{"line":69,"column":34}},"10":{"start":{"line":71,"column":4},"end":{"line":71,"column":32}},"11":{"start":{"line":29,"column":2},"end":{"line":29,"column":null}},"12":{"start":{"line":34,"column":2},"end":{"line":34,"column":null}},"13":{"start":{"line":39,"column":2},"end":{"line":39,"column":null}},"14":{"start":{"line":43,"column":2},"end":{"line":43,"column":null}},"15":{"start":{"line":42,"column":18},"end":{"line":42,"column":22}},"16":{"start":{"line":46,"column":2},"end":{"line":46,"column":null}},"17":{"start":{"line":45,"column":19},"end":{"line":45,"column":24}},"18":{"start":{"line":45,"column":37},"end":{"line":45,"column":52}},"19":{"start":{"line":49,"column":2},"end":{"line":49,"column":null}},"20":{"start":{"line":48,"column":19},"end":{"line":48,"column":32}},"21":{"start":{"line":48,"column":53},"end":{"line":48,"column":76}},"22":{"start":{"line":54,"column":2},"end":{"line":54,"column":null}},"23":{"start":{"line":59,"column":2},"end":{"line":59,"column":null}},"24":{"start":{"line":64,"column":2},"end":{"line":64,"column":null}},"25":{"start":{"line":26,"column":13},"end":{"line":73,"column":null}},"26":{"start":{"line":26,"column":13},"end":{"line":26,"column":22}}},"fnMap":{"0":{"name":"(anonymous_2)","decl":{"start":{"line":66,"column":2},"end":{"line":66,"column":null}},"loc":{"start":{"line":66,"column":2},"end":{"line":72,"column":3}}},"1":{"name":"(anonymous_3)","decl":{"start":{"line":42,"column":12},"end":{"line":42,"column":15}},"loc":{"start":{"line":42,"column":18},"end":{"line":42,"column":22}}},"2":{"name":"(anonymous_4)","decl":{"start":{"line":45,"column":13},"end":{"line":45,"column":16}},"loc":{"start":{"line":45,"column":19},"end":{"line":45,"column":24}}},"3":{"name":"(anonymous_5)","decl":{"start":{"line":45,"column":26},"end":{"line":45,"column":27}},"loc":{"start":{"line":45,"column":37},"end":{"line":45,"column":52}}},"4":{"name":"(anonymous_6)","decl":{"start":{"line":48,"column":13},"end":{"line":48,"column":16}},"loc":{"start":{"line":48,"column":19},"end":{"line":48,"column":32}}},"5":{"name":"(anonymous_7)","decl":{"start":{"line":48,"column":34},"end":{"line":48,"column":35}},"loc":{"start":{"line":48,"column":53},"end":{"line":48,"column":76}}}},"branchMap":{"0":{"loc":{"start":{"line":67,"column":4},"end":{"line":70,"column":null}},"type":"if","locations":[{"start":{"line":67,"column":4},"end":{"line":70,"column":null}}]},"1":{"loc":{"start":{"line":67,"column":8},"end":{"line":67,"column":35}},"type":"binary-expr","locations":[{"start":{"line":67,"column":8},"end":{"line":67,"column":16}},{"start":{"line":67,"column":20},"end":{"line":67,"column":35}}]}},"s":{"0":1,"1":1,"2":1,"3":1,"4":1,"5":1,"6":1,"7":0,"8":0,"9":0,"10":0,"11":1,"12":1,"13":1,"14":1,"15":0,"16":1,"17":0,"18":0,"19":1,"20":0,"21":0,"22":1,"23":1,"24":1,"25":1,"26":1},"f":{"0":0,"1":0,"2":0,"3":0,"4":0,"5":0},"b":{"0":[0],"1":[0,0]}}
,"/home/monia/Área de Trabalho/WebDev/RARO/raro-tube-grupo-200-OK/src/models/commentEntity.ts": {"path":"/home/monia/Área de Trabalho/WebDev/RARO/raro-tube-grupo-200-OK/src/models/commentEntity.ts","statementMap":{"0":{"start":{"line":1,"column":0},"end":{"line":1,"column":null}},"1":{"start":{"line":11,"column":0},"end":{"line":11,"column":null}},"2":{"start":{"line":23,"column":0},"end":{"line":23,"column":36}},"3":{"start":{"line":25,"column":0},"end":{"line":25,"column":58}},"4":{"start":{"line":26,"column":0},"end":{"line":26,"column":36}},"5":{"start":{"line":27,"column":0},"end":{"line":27,"column":38}},"6":{"start":{"line":30,"column":0},"end":{"line":87,"column":null}},"7":{"start":{"line":81,"column":4},"end":{"line":84,"column":null}},"8":{"start":{"line":82,"column":6},"end":{"line":82,"column":25}},"9":{"start":{"line":83,"column":6},"end":{"line":83,"column":34}},"10":{"start":{"line":85,"column":4},"end":{"line":85,"column":32}},"11":{"start":{"line":33,"column":2},"end":{"line":33,"column":null}},"12":{"start":{"line":37,"column":2},"end":{"line":37,"column":null}},"13":{"start":{"line":43,"column":2},"end":{"line":43,"column":null}},"14":{"start":{"line":49,"column":2},"end":{"line":49,"column":null}},"15":{"start":{"line":53,"column":2},"end":{"line":53,"column":null}},"16":{"start":{"line":51,"column":19},"end":{"line":51,"column":24}},"17":{"start":{"line":51,"column":37},"end":{"line":51,"column":51}},"18":{"start":{"line":57,"column":2},"end":{"line":57,"column":null}},"19":{"start":{"line":55,"column":19},"end":{"line":55,"column":23}},"20":{"start":{"line":55,"column":35},"end":{"line":55,"column":48}},"21":{"start":{"line":63,"column":2},"end":{"line":63,"column":null}},"22":{"start":{"line":60,"column":10},"end":{"line":60,"column":25}},"23":{"start":{"line":61,"column":26},"end":{"line":61,"column":50}},"24":{"start":{"line":68,"column":2},"end":{"line":68,"column":null}},"25":{"start":{"line":73,"column":2},"end":{"line":73,"column":null}},"26":{"start":{"line":78,"column":2},"end":{"line":78,"column":null}},"27":{"start":{"line":30,"column":13},"end":{"line":87,"column":null}},"28":{"start":{"line":30,"column":13},"end":{"line":30,"column":20}}},"fnMap":{"0":{"name":"(anonymous_2)","decl":{"start":{"line":80,"column":2},"end":{"line":80,"column":null}},"loc":{"start":{"line":80,"column":2},"end":{"line":86,"column":3}}},"1":{"name":"(anonymous_3)","decl":{"start":{"line":51,"column":13},"end":{"line":51,"column":16}},"loc":{"start":{"line":51,"column":19},"end":{"line":51,"column":24}}},"2":{"name":"(anonymous_4)","decl":{"start":{"line":51,"column":26},"end":{"line":51,"column":27}},"loc":{"start":{"line":51,"column":37},"end":{"line":51,"column":51}}},"3":{"name":"(anonymous_5)","decl":{"start":{"line":55,"column":13},"end":{"line":55,"column":16}},"loc":{"start":{"line":55,"column":19},"end":{"line":55,"column":23}}},"4":{"name":"(anonymous_6)","decl":{"start":{"line":55,"column":25},"end":{"line":55,"column":26}},"loc":{"start":{"line":55,"column":35},"end":{"line":55,"column":48}}},"5":{"name":"(anonymous_7)","decl":{"start":{"line":60,"column":4},"end":{"line":60,"column":7}},"loc":{"start":{"line":60,"column":10},"end":{"line":60,"column":25}}},"6":{"name":"(anonymous_8)","decl":{"start":{"line":61,"column":4},"end":{"line":61,"column":5}},"loc":{"start":{"line":61,"column":26},"end":{"line":61,"column":50}}}},"branchMap":{"0":{"loc":{"start":{"line":81,"column":4},"end":{"line":84,"column":null}},"type":"if","locations":[{"start":{"line":81,"column":4},"end":{"line":84,"column":null}}]},"1":{"loc":{"start":{"line":81,"column":8},"end":{"line":81,"column":35}},"type":"binary-expr","locations":[{"start":{"line":81,"column":8},"end":{"line":81,"column":16}},{"start":{"line":81,"column":20},"end":{"line":81,"column":35}}]}},"s":{"0":1,"1":1,"2":1,"3":1,"4":1,"5":1,"6":1,"7":0,"8":0,"9":0,"10":0,"11":1,"12":1,"13":1,"14":1,"15":1,"16":0,"17":0,"18":1,"19":0,"20":0,"21":1,"22":0,"23":0,"24":1,"25":1,"26":1,"27":1,"28":1},"f":{"0":0,"1":0,"2":0,"3":0,"4":0,"5":0,"6":0},"b":{"0":[0],"1":[0,0]}}
,"/home/monia/Área de Trabalho/WebDev/RARO/raro-tube-grupo-200-OK/src/models/commentReactionEntity.ts": {"path":"/home/monia/Área de Trabalho/WebDev/RARO/raro-tube-grupo-200-OK/src/models/commentReactionEntity.ts","statementMap":{"0":{"start":{"line":1,"column":0},"end":{"line":1,"column":75}},"1":{"start":{"line":2,"column":0},"end":{"line":2,"column":null}},"2":{"start":{"line":13,"column":0},"end":{"line":13,"column":42}},"3":{"start":{"line":14,"column":0},"end":{"line":14,"column":36}},"4":{"start":{"line":17,"column":0},"end":{"line":58,"column":null}},"5":{"start":{"line":53,"column":4},"end":{"line":55,"column":null}},"6":{"start":{"line":54,"column":6},"end":{"line":54,"column":34}},"7":{"start":{"line":56,"column":4},"end":{"line":56,"column":32}},"8":{"start":{"line":19,"column":2},"end":{"line":19,"column":null}},"9":{"start":{"line":22,"column":2},"end":{"line":22,"column":null}},"10":{"start":{"line":27,"column":2},"end":{"line":27,"column":null}},"11":{"start":{"line":31,"column":2},"end":{"line":31,"column":null}},"12":{"start":{"line":30,"column":19},"end":{"line":30,"column":26}},"13":{"start":{"line":30,"column":41},"end":{"line":30,"column":65}},"14":{"start":{"line":35,"column":2},"end":{"line":35,"column":null}},"15":{"start":{"line":34,"column":19},"end":{"line":34,"column":23}},"16":{"start":{"line":34,"column":35},"end":{"line":34,"column":56}},"17":{"start":{"line":40,"column":2},"end":{"line":40,"column":null}},"18":{"start":{"line":45,"column":2},"end":{"line":45,"column":null}},"19":{"start":{"line":50,"column":2},"end":{"line":50,"column":null}},"20":{"start":{"line":17,"column":13},"end":{"line":58,"column":null}},"21":{"start":{"line":17,"column":13},"end":{"line":17,"column":28}}},"fnMap":{"0":{"name":"(anonymous_2)","decl":{"start":{"line":52,"column":2},"end":{"line":52,"column":null}},"loc":{"start":{"line":52,"column":2},"end":{"line":57,"column":3}}},"1":{"name":"(anonymous_3)","decl":{"start":{"line":30,"column":13},"end":{"line":30,"column":16}},"loc":{"start":{"line":30,"column":19},"end":{"line":30,"column":26}}},"2":{"name":"(anonymous_4)","decl":{"start":{"line":30,"column":28},"end":{"line":30,"column":29}},"loc":{"start":{"line":30,"column":41},"end":{"line":30,"column":65}}},"3":{"name":"(anonymous_5)","decl":{"start":{"line":34,"column":13},"end":{"line":34,"column":16}},"loc":{"start":{"line":34,"column":19},"end":{"line":34,"column":23}}},"4":{"name":"(anonymous_6)","decl":{"start":{"line":34,"column":25},"end":{"line":34,"column":26}},"loc":{"start":{"line":34,"column":35},"end":{"line":34,"column":56}}}},"branchMap":{"0":{"loc":{"start":{"line":53,"column":4},"end":{"line":55,"column":null}},"type":"if","locations":[{"start":{"line":53,"column":4},"end":{"line":55,"column":null}}]}},"s":{"0":1,"1":1,"2":1,"3":1,"4":1,"5":0,"6":0,"7":0,"8":1,"9":1,"10":1,"11":1,"12":0,"13":0,"14":1,"15":0,"16":0,"17":1,"18":1,"19":1,"20":1,"21":1},"f":{"0":0,"1":0,"2":0,"3":0,"4":0},"b":{"0":[0]}}
,"/home/monia/Área de Trabalho/WebDev/RARO/raro-tube-grupo-200-OK/src/models/favoritesEntity.ts": {"path":"/home/monia/Área de Trabalho/WebDev/RARO/raro-tube-grupo-200-OK/src/models/favoritesEntity.ts","statementMap":{"0":{"start":{"line":1,"column":0},"end":{"line":1,"column":65}},"1":{"start":{"line":2,"column":0},"end":{"line":2,"column":null}},"2":{"start":{"line":12,"column":0},"end":{"line":12,"column":36}},"3":{"start":{"line":13,"column":0},"end":{"line":13,"column":38}},"4":{"start":{"line":16,"column":0},"end":{"line":52,"column":null}},"5":{"start":{"line":47,"column":4},"end":{"line":49,"column":null}},"6":{"start":{"line":48,"column":6},"end":{"line":48,"column":34}},"7":{"start":{"line":50,"column":4},"end":{"line":50,"column":32}},"8":{"start":{"line":18,"column":2},"end":{"line":18,"column":null}},"9":{"start":{"line":21,"column":2},"end":{"line":21,"column":null}},"10":{"start":{"line":25,"column":2},"end":{"line":25,"column":null}},"11":{"start":{"line":24,"column":19},"end":{"line":24,"column":23}},"12":{"start":{"line":24,"column":35},"end":{"line":24,"column":49}},"13":{"start":{"line":29,"column":2},"end":{"line":29,"column":null}},"14":{"start":{"line":28,"column":19},"end":{"line":28,"column":24}},"15":{"start":{"line":28,"column":37},"end":{"line":28,"column":52}},"16":{"start":{"line":34,"column":2},"end":{"line":34,"column":null}},"17":{"start":{"line":39,"column":2},"end":{"line":39,"column":null}},"18":{"start":{"line":44,"column":2},"end":{"line":44,"column":null}},"19":{"start":{"line":16,"column":13},"end":{"line":52,"column":null}},"20":{"start":{"line":16,"column":13},"end":{"line":16,"column":22}}},"fnMap":{"0":{"name":"(anonymous_2)","decl":{"start":{"line":46,"column":2},"end":{"line":46,"column":null}},"loc":{"start":{"line":46,"column":2},"end":{"line":51,"column":3}}},"1":{"name":"(anonymous_3)","decl":{"start":{"line":24,"column":13},"end":{"line":24,"column":16}},"loc":{"start":{"line":24,"column":19},"end":{"line":24,"column":23}}},"2":{"name":"(anonymous_4)","decl":{"start":{"line":24,"column":25},"end":{"line":24,"column":26}},"loc":{"start":{"line":24,"column":35},"end":{"line":24,"column":49}}},"3":{"name":"(anonymous_5)","decl":{"start":{"line":28,"column":13},"end":{"line":28,"column":16}},"loc":{"start":{"line":28,"column":19},"end":{"line":28,"column":24}}},"4":{"name":"(anonymous_6)","decl":{"start":{"line":28,"column":26},"end":{"line":28,"column":27}},"loc":{"start":{"line":28,"column":37},"end":{"line":28,"column":52}}}},"branchMap":{"0":{"loc":{"start":{"line":47,"column":4},"end":{"line":49,"column":null}},"type":"if","locations":[{"start":{"line":47,"column":4},"end":{"line":49,"column":null}}]}},"s":{"0":1,"1":1,"2":1,"3":1,"4":1,"5":0,"6":0,"7":0,"8":1,"9":1,"10":1,"11":0,"12":0,"13":1,"14":0,"15":0,"16":1,"17":1,"18":1,"19":1,"20":1},"f":{"0":0,"1":0,"2":0,"3":0,"4":0},"b":{"0":[0]}}
,"/home/monia/Área de Trabalho/WebDev/RARO/raro-tube-grupo-200-OK/src/models/fileEntity.ts": {"path":"/home/monia/Área de Trabalho/WebDev/RARO/raro-tube-grupo-200-OK/src/models/fileEntity.ts","statementMap":{"0":{"start":{"line":1,"column":0},"end":{"line":1,"column":null}},"1":{"start":{"line":10,"column":0},"end":{"line":10,"column":null}},"2":{"start":{"line":18,"column":0},"end":{"line":18,"column":36}},"3":{"start":{"line":21,"column":0},"end":{"line":73,"column":null}},"4":{"start":{"line":67,"column":4},"end":{"line":70,"column":null}},"5":{"start":{"line":68,"column":6},"end":{"line":68,"column":25}},"6":{"start":{"line":69,"column":6},"end":{"line":69,"column":34}},"7":{"start":{"line":71,"column":4},"end":{"line":71,"column":32}},"8":{"start":{"line":24,"column":2},"end":{"line":24,"column":null}},"9":{"start":{"line":29,"column":2},"end":{"line":29,"column":null}},"10":{"start":{"line":34,"column":2},"end":{"line":34,"column":null}},"11":{"start":{"line":39,"column":2},"end":{"line":39,"column":null}},"12":{"start":{"line":44,"column":2},"end":{"line":44,"column":null}},"13":{"start":{"line":49,"column":2},"end":{"line":49,"column":null}},"14":{"start":{"line":54,"column":2},"end":{"line":54,"column":null}},"15":{"start":{"line":59,"column":2},"end":{"line":59,"column":null}},"16":{"start":{"line":64,"column":2},"end":{"line":64,"column":null}},"17":{"start":{"line":21,"column":13},"end":{"line":73,"column":null}},"18":{"start":{"line":21,"column":13},"end":{"line":21,"column":17}}},"fnMap":{"0":{"name":"(anonymous_2)","decl":{"start":{"line":66,"column":2},"end":{"line":66,"column":null}},"loc":{"start":{"line":66,"column":2},"end":{"line":72,"column":3}}}},"branchMap":{"0":{"loc":{"start":{"line":67,"column":4},"end":{"line":70,"column":null}},"type":"if","locations":[{"start":{"line":67,"column":4},"end":{"line":70,"column":null}}]},"1":{"loc":{"start":{"line":67,"column":8},"end":{"line":67,"column":35}},"type":"binary-expr","locations":[{"start":{"line":67,"column":8},"end":{"line":67,"column":16}},{"start":{"line":67,"column":20},"end":{"line":67,"column":35}}]}},"s":{"0":1,"1":1,"2":1,"3":1,"4":0,"5":0,"6":0,"7":0,"8":1,"9":1,"10":1,"11":1,"12":1,"13":1,"14":1,"15":1,"16":1,"17":1,"18":1},"f":{"0":0},"b":{"0":[0],"1":[0,0]}}
,"/home/monia/Área de Trabalho/WebDev/RARO/raro-tube-grupo-200-OK/src/models/tagEntity.ts": {"path":"/home/monia/Área de Trabalho/WebDev/RARO/raro-tube-grupo-200-OK/src/models/tagEntity.ts","statementMap":{"0":{"start":{"line":1,"column":0},"end":{"line":1,"column":null}},"1":{"start":{"line":8,"column":0},"end":{"line":8,"column":null}},"2":{"start":{"line":17,"column":0},"end":{"line":17,"column":36}},"3":{"start":{"line":19,"column":0},"end":{"line":19,"column":44}},"4":{"start":{"line":22,"column":0},"end":{"line":57,"column":null}},"5":{"start":{"line":51,"column":4},"end":{"line":54,"column":null}},"6":{"start":{"line":52,"column":6},"end":{"line":52,"column":25}},"7":{"start":{"line":53,"column":6},"end":{"line":53,"column":34}},"8":{"start":{"line":55,"column":4},"end":{"line":55,"column":32}},"9":{"start":{"line":25,"column":2},"end":{"line":25,"column":null}},"10":{"start":{"line":30,"column":2},"end":{"line":30,"column":null}},"11":{"start":{"line":33,"column":2},"end":{"line":33,"column":null}},"12":{"start":{"line":32,"column":19},"end":{"line":32,"column":27}},"13":{"start":{"line":32,"column":43},"end":{"line":32,"column":55}},"14":{"start":{"line":38,"column":2},"end":{"line":38,"column":null}},"15":{"start":{"line":43,"column":2},"end":{"line":43,"column":null}},"16":{"start":{"line":48,"column":2},"end":{"line":48,"column":null}},"17":{"start":{"line":22,"column":13},"end":{"line":57,"column":null}},"18":{"start":{"line":22,"column":13},"end":{"line":22,"column":16}}},"fnMap":{"0":{"name":"(anonymous_2)","decl":{"start":{"line":50,"column":2},"end":{"line":50,"column":null}},"loc":{"start":{"line":50,"column":2},"end":{"line":56,"column":3}}},"1":{"name":"(anonymous_3)","decl":{"start":{"line":32,"column":13},"end":{"line":32,"column":16}},"loc":{"start":{"line":32,"column":19},"end":{"line":32,"column":27}}},"2":{"name":"(anonymous_4)","decl":{"start":{"line":32,"column":29},"end":{"line":32,"column":30}},"loc":{"start":{"line":32,"column":43},"end":{"line":32,"column":55}}}},"branchMap":{"0":{"loc":{"start":{"line":51,"column":4},"end":{"line":54,"column":null}},"type":"if","locations":[{"start":{"line":51,"column":4},"end":{"line":54,"column":null}}]},"1":{"loc":{"start":{"line":51,"column":8},"end":{"line":51,"column":35}},"type":"binary-expr","locations":[{"start":{"line":51,"column":8},"end":{"line":51,"column":16}},{"start":{"line":51,"column":20},"end":{"line":51,"column":35}}]}},"s":{"0":1,"1":1,"2":1,"3":1,"4":1,"5":0,"6":0,"7":0,"8":0,"9":1,"10":1,"11":1,"12":0,"13":0,"14":1,"15":1,"16":1,"17":1,"18":1},"f":{"0":0,"1":0,"2":0},"b":{"0":[0],"1":[0,0]}}
,"/home/monia/Área de Trabalho/WebDev/RARO/raro-tube-grupo-200-OK/src/models/userClassroomEntity.ts": {"path":"/home/monia/Área de Trabalho/WebDev/RARO/raro-tube-grupo-200-OK/src/models/userClassroomEntity.ts","statementMap":{"0":{"start":{"line":1,"column":0},"end":{"line":1,"column":65}},"1":{"start":{"line":2,"column":0},"end":{"line":2,"column":null}},"2":{"start":{"line":12,"column":0},"end":{"line":12,"column":46}},"3":{"start":{"line":13,"column":0},"end":{"line":13,"column":36}},"4":{"start":{"line":16,"column":0},"end":{"line":52,"column":null}},"5":{"start":{"line":47,"column":4},"end":{"line":49,"column":null}},"6":{"start":{"line":48,"column":6},"end":{"line":48,"column":34}},"7":{"start":{"line":50,"column":4},"end":{"line":50,"column":32}},"8":{"start":{"line":18,"column":2},"end":{"line":18,"column":null}},"9":{"start":{"line":21,"column":2},"end":{"line":21,"column":null}},"10":{"start":{"line":25,"column":2},"end":{"line":25,"column":null}},"11":{"start":{"line":23,"column":19},"end":{"line":23,"column":23}},"12":{"start":{"line":23,"column":35},"end":{"line":23,"column":54}},"13":{"start":{"line":29,"column":2},"end":{"line":29,"column":null}},"14":{"start":{"line":27,"column":19},"end":{"line":27,"column":28}},"15":{"start":{"line":27,"column":45},"end":{"line":27,"column":69}},"16":{"start":{"line":34,"column":2},"end":{"line":34,"column":null}},"17":{"start":{"line":39,"column":2},"end":{"line":39,"column":null}},"18":{"start":{"line":44,"column":2},"end":{"line":44,"column":null}},"19":{"start":{"line":16,"column":13},"end":{"line":52,"column":null}},"20":{"start":{"line":16,"column":13},"end":{"line":16,"column":26}}},"fnMap":{"0":{"name":"(anonymous_2)","decl":{"start":{"line":46,"column":2},"end":{"line":46,"column":null}},"loc":{"start":{"line":46,"column":2},"end":{"line":51,"column":3}}},"1":{"name":"(anonymous_3)","decl":{"start":{"line":23,"column":13},"end":{"line":23,"column":16}},"loc":{"start":{"line":23,"column":19},"end":{"line":23,"column":23}}},"2":{"name":"(anonymous_4)","decl":{"start":{"line":23,"column":25},"end":{"line":23,"column":26}},"loc":{"start":{"line":23,"column":35},"end":{"line":23,"column":54}}},"3":{"name":"(anonymous_5)","decl":{"start":{"line":27,"column":13},"end":{"line":27,"column":16}},"loc":{"start":{"line":27,"column":19},"end":{"line":27,"column":28}}},"4":{"name":"(anonymous_6)","decl":{"start":{"line":27,"column":30},"end":{"line":27,"column":31}},"loc":{"start":{"line":27,"column":45},"end":{"line":27,"column":69}}}},"branchMap":{"0":{"loc":{"start":{"line":47,"column":4},"end":{"line":49,"column":null}},"type":"if","locations":[{"start":{"line":47,"column":4},"end":{"line":49,"column":null}}]}},"s":{"0":1,"1":1,"2":1,"3":1,"4":1,"5":0,"6":0,"7":0,"8":1,"9":1,"10":1,"11":0,"12":0,"13":1,"14":0,"15":0,"16":1,"17":1,"18":1,"19":1,"20":1},"f":{"0":0,"1":0,"2":0,"3":0,"4":0},"b":{"0":[0]}}
,"/home/monia/Área de Trabalho/WebDev/RARO/raro-tube-grupo-200-OK/src/models/userEntity.ts": {"path":"/home/monia/Área de Trabalho/WebDev/RARO/raro-tube-grupo-200-OK/src/models/userEntity.ts","statementMap":{"0":{"start":{"line":1,"column":0},"end":{"line":1,"column":null}},"1":{"start":{"line":8,"column":0},"end":{"line":8,"column":null}},"2":{"start":{"line":19,"column":0},"end":{"line":19,"column":36}},"3":{"start":{"line":21,"column":0},"end":{"line":21,"column":42}},"4":{"start":{"line":22,"column":0},"end":{"line":22,"column":58}},"5":{"start":{"line":23,"column":0},"end":{"line":23,"column":46}},"6":{"start":{"line":24,"column":0},"end":{"line":24,"column":36}},"7":{"start":{"line":25,"column":0},"end":{"line":25,"column":54}},"8":{"start":{"line":28,"column":0},"end":{"line":93,"column":null}},"9":{"start":{"line":87,"column":4},"end":{"line":90,"column":null}},"10":{"start":{"line":88,"column":6},"end":{"line":88,"column":25}},"11":{"start":{"line":89,"column":6},"end":{"line":89,"column":34}},"12":{"start":{"line":91,"column":4},"end":{"line":91,"column":32}},"13":{"start":{"line":31,"column":2},"end":{"line":31,"column":null}},"14":{"start":{"line":36,"column":2},"end":{"line":36,"column":null}},"15":{"start":{"line":41,"column":2},"end":{"line":41,"column":null}},"16":{"start":{"line":46,"column":2},"end":{"line":46,"column":null}},"17":{"start":{"line":51,"column":2},"end":{"line":51,"column":null}},"18":{"start":{"line":56,"column":2},"end":{"line":56,"column":null}},"19":{"start":{"line":54,"column":18},"end":{"line":54,"column":22}},"20":{"start":{"line":59,"column":2},"end":{"line":59,"column":null}},"21":{"start":{"line":58,"column":19},"end":{"line":58,"column":28}},"22":{"start":{"line":58,"column":45},"end":{"line":58,"column":59}},"23":{"start":{"line":62,"column":2},"end":{"line":62,"column":null}},"24":{"start":{"line":61,"column":19},"end":{"line":61,"column":26}},"25":{"start":{"line":61,"column":41},"end":{"line":61,"column":53}},"26":{"start":{"line":65,"column":2},"end":{"line":65,"column":null}},"27":{"start":{"line":64,"column":19},"end":{"line":64,"column":34}},"28":{"start":{"line":64,"column":57},"end":{"line":64,"column":77}},"29":{"start":{"line":68,"column":2},"end":{"line":68,"column":null}},"30":{"start":{"line":67,"column":19},"end":{"line":67,"column":32}},"31":{"start":{"line":67,"column":53},"end":{"line":67,"column":71}},"32":{"start":{"line":73,"column":2},"end":{"line":73,"column":null}},"33":{"start":{"line":78,"column":2},"end":{"line":78,"column":null}},"34":{"start":{"line":83,"column":2},"end":{"line":83,"column":null}},"35":{"start":{"line":28,"column":13},"end":{"line":93,"column":null}},"36":{"start":{"line":28,"column":13},"end":{"line":28,"column":17}}},"fnMap":{"0":{"name":"(anonymous_2)","decl":{"start":{"line":86,"column":2},"end":{"line":86,"column":null}},"loc":{"start":{"line":86,"column":2},"end":{"line":92,"column":3}}},"1":{"name":"(anonymous_3)","decl":{"start":{"line":54,"column":12},"end":{"line":54,"column":15}},"loc":{"start":{"line":54,"column":18},"end":{"line":54,"column":22}}},"2":{"name":"(anonymous_4)","decl":{"start":{"line":58,"column":13},"end":{"line":58,"column":16}},"loc":{"start":{"line":58,"column":19},"end":{"line":58,"column":28}}},"3":{"name":"(anonymous_5)","decl":{"start":{"line":58,"column":30},"end":{"line":58,"column":31}},"loc":{"start":{"line":58,"column":45},"end":{"line":58,"column":59}}},"4":{"name":"(anonymous_6)","decl":{"start":{"line":61,"column":13},"end":{"line":61,"column":16}},"loc":{"start":{"line":61,"column":19},"end":{"line":61,"column":26}}},"5":{"name":"(anonymous_7)","decl":{"start":{"line":61,"column":28},"end":{"line":61,"column":29}},"loc":{"start":{"line":61,"column":41},"end":{"line":61,"column":53}}},"6":{"name":"(anonymous_8)","decl":{"start":{"line":64,"column":13},"end":{"line":64,"column":16}},"loc":{"start":{"line":64,"column":19},"end":{"line":64,"column":34}}},"7":{"name":"(anonymous_9)","decl":{"start":{"line":64,"column":36},"end":{"line":64,"column":37}},"loc":{"start":{"line":64,"column":57},"end":{"line":64,"column":77}}},"8":{"name":"(anonymous_10)","decl":{"start":{"line":67,"column":13},"end":{"line":67,"column":16}},"loc":{"start":{"line":67,"column":19},"end":{"line":67,"column":32}}},"9":{"name":"(anonymous_11)","decl":{"start":{"line":67,"column":34},"end":{"line":67,"column":35}},"loc":{"start":{"line":67,"column":53},"end":{"line":67,"column":71}}}},"branchMap":{"0":{"loc":{"start":{"line":87,"column":4},"end":{"line":90,"column":null}},"type":"if","locations":[{"start":{"line":87,"column":4},"end":{"line":90,"column":null}}]},"1":{"loc":{"start":{"line":87,"column":8},"end":{"line":87,"column":35}},"type":"binary-expr","locations":[{"start":{"line":87,"column":8},"end":{"line":87,"column":16}},{"start":{"line":87,"column":20},"end":{"line":87,"column":35}}]}},"s":{"0":1,"1":1,"2":1,"3":1,"4":1,"5":1,"6":1,"7":1,"8":1,"9":7,"10":7,"11":7,"12":7,"13":1,"14":1,"15":1,"16":1,"17":1,"18":1,"19":0,"20":1,"21":0,"22":0,"23":1,"24":0,"25":0,"26":1,"27":0,"28":0,"29":1,"30":0,"31":0,"32":1,"33":1,"34":1,"35":1,"36":1},"f":{"0":7,"1":0,"2":0,"3":0,"4":0,"5":0,"6":0,"7":0,"8":0,"9":0},"b":{"0":[7],"1":[7,7]}}
,"/home/monia/Área de Trabalho/WebDev/RARO/raro-tube-grupo-200-OK/src/models/videoEntity.ts": {"path":"/home/monia/Área de Trabalho/WebDev/RARO/raro-tube-grupo-200-OK/src/models/videoEntity.ts","statementMap":{"0":{"start":{"line":1,"column":0},"end":{"line":1,"column":null}},"1":{"start":{"line":8,"column":0},"end":{"line":8,"column":null}},"2":{"start":{"line":20,"column":0},"end":{"line":20,"column":36}},"3":{"start":{"line":22,"column":0},"end":{"line":22,"column":46}},"4":{"start":{"line":23,"column":0},"end":{"line":23,"column":42}},"5":{"start":{"line":24,"column":0},"end":{"line":24,"column":46}},"6":{"start":{"line":25,"column":0},"end":{"line":25,"column":36}},"7":{"start":{"line":26,"column":0},"end":{"line":26,"column":36}},"8":{"start":{"line":27,"column":0},"end":{"line":27,"column":44}},"9":{"start":{"line":30,"column":0},"end":{"line":98,"column":null}},"10":{"start":{"line":92,"column":4},"end":{"line":95,"column":null}},"11":{"start":{"line":93,"column":6},"end":{"line":93,"column":25}},"12":{"start":{"line":94,"column":6},"end":{"line":94,"column":34}},"13":{"start":{"line":96,"column":4},"end":{"line":96,"column":32}},"14":{"start":{"line":33,"column":2},"end":{"line":33,"column":null}},"15":{"start":{"line":38,"column":2},"end":{"line":38,"column":null}},"16":{"start":{"line":43,"column":2},"end":{"line":43,"column":null}},"17":{"start":{"line":48,"column":2},"end":{"line":48,"column":null}},"18":{"start":{"line":53,"column":2},"end":{"line":53,"column":null}},"19":{"start":{"line":51,"column":18},"end":{"line":51,"column":22}},"20":{"start":{"line":57,"column":2},"end":{"line":57,"column":null}},"21":{"start":{"line":55,"column":18},"end":{"line":55,"column":22}},"22":{"start":{"line":61,"column":2},"end":{"line":61,"column":null}},"23":{"start":{"line":59,"column":18},"end":{"line":59,"column":22}},"24":{"start":{"line":64,"column":2},"end":{"line":64,"column":null}},"25":{"start":{"line":63,"column":19},"end":{"line":63,"column":27}},"26":{"start":{"line":63,"column":43},"end":{"line":63,"column":57}},"27":{"start":{"line":68,"column":2},"end":{"line":68,"column":null}},"28":{"start":{"line":66,"column":19},"end":{"line":66,"column":28}},"29":{"start":{"line":66,"column":45},"end":{"line":66,"column":61}},"30":{"start":{"line":71,"column":2},"end":{"line":71,"column":null}},"31":{"start":{"line":70,"column":19},"end":{"line":70,"column":26}},"32":{"start":{"line":70,"column":41},"end":{"line":70,"column":54}},"33":{"start":{"line":74,"column":2},"end":{"line":74,"column":null}},"34":{"start":{"line":73,"column":19},"end":{"line":73,"column":28}},"35":{"start":{"line":73,"column":45},"end":{"line":73,"column":60}},"36":{"start":{"line":79,"column":2},"end":{"line":79,"column":null}},"37":{"start":{"line":84,"column":2},"end":{"line":84,"column":null}},"38":{"start":{"line":89,"column":2},"end":{"line":89,"column":null}},"39":{"start":{"line":30,"column":13},"end":{"line":98,"column":null}},"40":{"start":{"line":30,"column":13},"end":{"line":30,"column":18}}},"fnMap":{"0":{"name":"(anonymous_2)","decl":{"start":{"line":91,"column":2},"end":{"line":91,"column":null}},"loc":{"start":{"line":91,"column":2},"end":{"line":97,"column":3}}},"1":{"name":"(anonymous_3)","decl":{"start":{"line":51,"column":12},"end":{"line":51,"column":15}},"loc":{"start":{"line":51,"column":18},"end":{"line":51,"column":22}}},"2":{"name":"(anonymous_4)","decl":{"start":{"line":55,"column":12},"end":{"line":55,"column":15}},"loc":{"start":{"line":55,"column":18},"end":{"line":55,"column":22}}},"3":{"name":"(anonymous_5)","decl":{"start":{"line":59,"column":12},"end":{"line":59,"column":15}},"loc":{"start":{"line":59,"column":18},"end":{"line":59,"column":22}}},"4":{"name":"(anonymous_6)","decl":{"start":{"line":63,"column":13},"end":{"line":63,"column":16}},"loc":{"start":{"line":63,"column":19},"end":{"line":63,"column":27}}},"5":{"name":"(anonymous_7)","decl":{"start":{"line":63,"column":29},"end":{"line":63,"column":30}},"loc":{"start":{"line":63,"column":43},"end":{"line":63,"column":57}}},"6":{"name":"(anonymous_8)","decl":{"start":{"line":66,"column":13},"end":{"line":66,"column":16}},"loc":{"start":{"line":66,"column":19},"end":{"line":66,"column":28}}},"7":{"name":"(anonymous_9)","decl":{"start":{"line":66,"column":30},"end":{"line":66,"column":31}},"loc":{"start":{"line":66,"column":45},"end":{"line":66,"column":61}}},"8":{"name":"(anonymous_10)","decl":{"start":{"line":70,"column":13},"end":{"line":70,"column":16}},"loc":{"start":{"line":70,"column":19},"end":{"line":70,"column":26}}},"9":{"name":"(anonymous_11)","decl":{"start":{"line":70,"column":28},"end":{"line":70,"column":29}},"loc":{"start":{"line":70,"column":41},"end":{"line":70,"column":54}}},"10":{"name":"(anonymous_12)","decl":{"start":{"line":73,"column":13},"end":{"line":73,"column":16}},"loc":{"start":{"line":73,"column":19},"end":{"line":73,"column":28}}},"11":{"name":"(anonymous_13)","decl":{"start":{"line":73,"column":30},"end":{"line":73,"column":31}},"loc":{"start":{"line":73,"column":45},"end":{"line":73,"column":60}}}},"branchMap":{"0":{"loc":{"start":{"line":92,"column":4},"end":{"line":95,"column":null}},"type":"if","locations":[{"start":{"line":92,"column":4},"end":{"line":95,"column":null}}]},"1":{"loc":{"start":{"line":92,"column":8},"end":{"line":92,"column":35}},"type":"binary-expr","locations":[{"start":{"line":92,"column":8},"end":{"line":92,"column":16}},{"start":{"line":92,"column":20},"end":{"line":92,"column":35}}]}},"s":{"0":1,"1":1,"2":1,"3":1,"4":1,"5":1,"6":1,"7":1,"8":1,"9":1,"10":0,"11":0,"12":0,"13":0,"14":1,"15":1,"16":1,"17":1,"18":1,"19":0,"20":1,"21":0,"22":1,"23":0,"24":1,"25":0,"26":0,"27":1,"28":0,"29":0,"30":1,"31":0,"32":0,"33":1,"34":0,"35":0,"36":1,"37":1,"38":1,"39":1,"40":1},"f":{"0":0,"1":0,"2":0,"3":0,"4":0,"5":0,"6":0,"7":0,"8":0,"9":0,"10":0,"11":0},"b":{"0":[0],"1":[0,0]}}
,"/home/monia/Área de Trabalho/WebDev/RARO/raro-tube-grupo-200-OK/src/models/videoTagEntity.ts": {"path":"/home/monia/Área de Trabalho/WebDev/RARO/raro-tube-grupo-200-OK/src/models/videoTagEntity.ts","statementMap":{"0":{"start":{"line":1,"column":0},"end":{"line":1,"column":65}},"1":{"start":{"line":2,"column":0},"end":{"line":2,"column":null}},"2":{"start":{"line":12,"column":0},"end":{"line":12,"column":34}},"3":{"start":{"line":13,"column":0},"end":{"line":13,"column":38}},"4":{"start":{"line":16,"column":0},"end":{"line":52,"column":null}},"5":{"start":{"line":47,"column":4},"end":{"line":49,"column":null}},"6":{"start":{"line":48,"column":6},"end":{"line":48,"column":34}},"7":{"start":{"line":50,"column":4},"end":{"line":50,"column":32}},"8":{"start":{"line":18,"column":2},"end":{"line":18,"column":null}},"9":{"start":{"line":21,"column":2},"end":{"line":21,"column":null}},"10":{"start":{"line":25,"column":2},"end":{"line":25,"column":null}},"11":{"start":{"line":23,"column":19},"end":{"line":23,"column":24}},"12":{"start":{"line":23,"column":37},"end":{"line":23,"column":52}},"13":{"start":{"line":29,"column":2},"end":{"line":29,"column":null}},"14":{"start":{"line":27,"column":19},"end":{"line":27,"column":22}},"15":{"start":{"line":27,"column":33},"end":{"line":27,"column":46}},"16":{"start":{"line":34,"column":2},"end":{"line":34,"column":null}},"17":{"start":{"line":39,"column":2},"end":{"line":39,"column":null}},"18":{"start":{"line":44,"column":2},"end":{"line":44,"column":null}},"19":{"start":{"line":16,"column":13},"end":{"line":52,"column":null}},"20":{"start":{"line":16,"column":13},"end":{"line":16,"column":21}}},"fnMap":{"0":{"name":"(anonymous_2)","decl":{"start":{"line":46,"column":2},"end":{"line":46,"column":null}},"loc":{"start":{"line":46,"column":2},"end":{"line":51,"column":3}}},"1":{"name":"(anonymous_3)","decl":{"start":{"line":23,"column":13},"end":{"line":23,"column":16}},"loc":{"start":{"line":23,"column":19},"end":{"line":23,"column":24}}},"2":{"name":"(anonymous_4)","decl":{"start":{"line":23,"column":26},"end":{"line":23,"column":27}},"loc":{"start":{"line":23,"column":37},"end":{"line":23,"column":52}}},"3":{"name":"(anonymous_5)","decl":{"start":{"line":27,"column":13},"end":{"line":27,"column":16}},"loc":{"start":{"line":27,"column":19},"end":{"line":27,"column":22}}},"4":{"name":"(anonymous_6)","decl":{"start":{"line":27,"column":24},"end":{"line":27,"column":25}},"loc":{"start":{"line":27,"column":33},"end":{"line":27,"column":46}}}},"branchMap":{"0":{"loc":{"start":{"line":47,"column":4},"end":{"line":49,"column":null}},"type":"if","locations":[{"start":{"line":47,"column":4},"end":{"line":49,"column":null}}]}},"s":{"0":1,"1":1,"2":1,"3":1,"4":1,"5":0,"6":0,"7":0,"8":1,"9":1,"10":1,"11":0,"12":0,"13":1,"14":0,"15":0,"16":1,"17":1,"18":1,"19":1,"20":1},"f":{"0":0,"1":0,"2":0,"3":0,"4":0},"b":{"0":[0]}}
,"/home/monia/Área de Trabalho/WebDev/RARO/raro-tube-grupo-200-OK/src/repositories/userRepository.ts": {"path":"/home/monia/Área de Trabalho/WebDev/RARO/raro-tube-grupo-200-OK/src/repositories/userRepository.ts","statementMap":{"0":{"start":{"line":1,"column":0},"end":{"line":1,"column":55}},"1":{"start":{"line":5,"column":0},"end":{"line":5,"column":44}},"2":{"start":{"line":8,"column":0},"end":{"line":29,"column":null}},"3":{"start":{"line":13,"column":4},"end":{"line":17,"column":null}},"4":{"start":{"line":21,"column":32},"end":{"line":21,"column":41}},"5":{"start":{"line":22,"column":4},"end":{"line":27,"column":null}},"6":{"start":{"line":8,"column":13},"end":{"line":29,"column":null}},"7":{"start":{"line":8,"column":13},"end":{"line":8,"column":27}}},"fnMap":{"0":{"name":"(anonymous_1)","decl":{"start":{"line":12,"column":2},"end":{"line":12,"column":7}},"loc":{"start":{"line":12,"column":33},"end":{"line":18,"column":3}}},"1":{"name":"(anonymous_2)","decl":{"start":{"line":20,"column":2},"end":{"line":20,"column":7}},"loc":{"start":{"line":20,"column":50},"end":{"line":28,"column":3}}}},"branchMap":{},"s":{"0":1,"1":1,"2":1,"3":0,"4":0,"5":0,"6":1,"7":1},"f":{"0":0,"1":0},"b":{}}
,"/home/monia/Área de Trabalho/WebDev/RARO/raro-tube-grupo-200-OK/src/services/AuthenticationService.ts": {"path":"/home/monia/Área de Trabalho/WebDev/RARO/raro-tube-grupo-200-OK/src/services/AuthenticationService.ts","statementMap":{"0":{"start":{"line":1,"column":0},"end":{"line":1,"column":52}},"1":{"start":{"line":2,"column":0},"end":{"line":2,"column":41}},"2":{"start":{"line":4,"column":0},"end":{"line":4,"column":48}},"3":{"start":{"line":5,"column":0},"end":{"line":5,"column":65}},"4":{"start":{"line":6,"column":0},"end":{"line":6,"column":81}},"5":{"start":{"line":7,"column":0},"end":{"line":7,"column":77}},"6":{"start":{"line":10,"column":0},"end":{"line":10,"column":55}},"7":{"start":{"line":11,"column":0},"end":{"line":11,"column":49}},"8":{"start":{"line":12,"column":0},"end":{"line":12,"column":65}},"9":{"start":{"line":17,"column":0},"end":{"line":133,"column":null}},"10":{"start":{"line":19,"column":38},"end":{"line":19,"column":69}},"11":{"start":{"line":24,"column":27},"end":{"line":24,"column":78}},"12":{"start":{"line":25,"column":4},"end":{"line":27,"column":null}},"13":{"start":{"line":26,"column":6},"end":{"line":26,"column":40}},"14":{"start":{"line":28,"column":4},"end":{"line":30,"column":null}},"15":{"start":{"line":29,"column":6},"end":{"line":29,"column":42}},"16":{"start":{"line":31,"column":4},"end":{"line":31,"column":10}},"17":{"start":{"line":35,"column":44},"end":{"line":35,"column":54}},"18":{"start":{"line":36,"column":4},"end":{"line":38,"column":null}},"19":{"start":{"line":37,"column":6},"end":{"line":37,"column":68}},"20":{"start":{"line":39,"column":17},"end":{"line":39,"column":61}},"21":{"start":{"line":41,"column":4},"end":{"line":43,"column":null}},"22":{"start":{"line":42,"column":6},"end":{"line":42,"column":69}},"23":{"start":{"line":45,"column":22},"end":{"line":49,"column":null}},"24":{"start":{"line":51,"column":18},"end":{"line":51,"column":33}},"25":{"start":{"line":52,"column":20},"end":{"line":56,"column":7}},"26":{"start":{"line":59,"column":4},"end":{"line":62,"column":6}},"27":{"start":{"line":67,"column":32},"end":{"line":67,"column":41}},"28":{"start":{"line":69,"column":17},"end":{"line":69,"column":76}},"29":{"start":{"line":70,"column":3},"end":{"line":72,"column":null}},"30":{"start":{"line":71,"column":6},"end":{"line":71,"column":41}},"31":{"start":{"line":74,"column":4},"end":{"line":76,"column":null}},"32":{"start":{"line":75,"column":6},"end":{"line":75,"column":41}},"33":{"start":{"line":78,"column":22},"end":{"line":82,"column":null}},"34":{"start":{"line":84,"column":18},"end":{"line":84,"column":33}},"35":{"start":{"line":85,"column":4},"end":{"line":88,"column":6}},"36":{"start":{"line":92,"column":17},"end":{"line":92,"column":61}},"37":{"start":{"line":93,"column":4},"end":{"line":95,"column":null}},"38":{"start":{"line":94,"column":6},"end":{"line":94,"column":33}},"39":{"start":{"line":97,"column":23},"end":{"line":100,"column":6}},"40":{"start":{"line":101,"column":18},"end":{"line":101,"column":34}},"41":{"start":{"line":103,"column":4},"end":{"line":103,"column":81}},"42":{"start":{"line":106,"column":20},"end":{"line":112,"column":6}},"43":{"start":{"line":113,"column":4},"end":{"line":113,"column":36}},"44":{"start":{"line":118,"column":32},"end":{"line":118,"column":48}},"45":{"start":{"line":120,"column":4},"end":{"line":122,"column":null}},"46":{"start":{"line":121,"column":6},"end":{"line":121,"column":82}},"47":{"start":{"line":123,"column":20},"end":{"line":123,"column":85}},"48":{"start":{"line":125,"column":17},"end":{"line":125,"column":62}},"49":{"start":{"line":126,"column":4},"end":{"line":128,"column":null}},"50":{"start":{"line":127,"column":6},"end":{"line":127,"column":49}},"51":{"start":{"line":129,"column":25},"end":{"line":129,"column":47}},"52":{"start":{"line":131,"column":4},"end":{"line":131,"column":88}},"53":{"start":{"line":17,"column":13},"end":{"line":133,"column":null}},"54":{"start":{"line":17,"column":13},"end":{"line":17,"column":34}}},"fnMap":{"0":{"name":"(anonymous_4)","decl":{"start":{"line":18,"column":2},"end":{"line":18,"column":null}},"loc":{"start":{"line":19,"column":69},"end":{"line":20,"column":7}}},"1":{"name":"(anonymous_5)","decl":{"start":{"line":23,"column":2},"end":{"line":23,"column":7}},"loc":{"start":{"line":23,"column":52},"end":{"line":32,"column":3}}},"2":{"name":"(anonymous_6)","decl":{"start":{"line":34,"column":2},"end":{"line":34,"column":7}},"loc":{"start":{"line":34,"column":36},"end":{"line":63,"column":3}}},"3":{"name":"(anonymous_7)","decl":{"start":{"line":65,"column":2},"end":{"line":65,"column":7}},"loc":{"start":{"line":65,"column":33},"end":{"line":90,"column":3}}},"4":{"name":"(anonymous_8)","decl":{"start":{"line":91,"column":2},"end":{"line":91,"column":7}},"loc":{"start":{"line":91,"column":28},"end":{"line":115,"column":3}}},"5":{"name":"(anonymous_9)","decl":{"start":{"line":117,"column":2},"end":{"line":117,"column":7}},"loc":{"start":{"line":117,"column":56},"end":{"line":132,"column":3}}}},"branchMap":{"0":{"loc":{"start":{"line":25,"column":4},"end":{"line":27,"column":null}},"type":"if","locations":[{"start":{"line":25,"column":4},"end":{"line":27,"column":null}}]},"1":{"loc":{"start":{"line":28,"column":4},"end":{"line":30,"column":null}},"type":"if","locations":[{"start":{"line":28,"column":4},"end":{"line":30,"column":null}}]},"2":{"loc":{"start":{"line":36,"column":4},"end":{"line":38,"column":null}},"type":"if","locations":[{"start":{"line":36,"column":4},"end":{"line":38,"column":null}}]},"3":{"loc":{"start":{"line":41,"column":4},"end":{"line":43,"column":null}},"type":"if","locations":[{"start":{"line":41,"column":4},"end":{"line":43,"column":null}}]},"4":{"loc":{"start":{"line":54,"column":12},"end":{"line":54,"column":29}},"type":"binary-expr","locations":[{"start":{"line":54,"column":12},"end":{"line":54,"column":16}},{"start":{"line":54,"column":20},"end":{"line":54,"column":29}}]},"5":{"loc":{"start":{"line":55,"column":16},"end":{"line":55,"column":69}},"type":"binary-expr","locations":[{"start":{"line":55,"column":16},"end":{"line":55,"column":38}},{"start":{"line":55,"column":42},"end":{"line":55,"column":69}}]},"6":{"loc":{"start":{"line":70,"column":3},"end":{"line":72,"column":null}},"type":"if","locations":[{"start":{"line":70,"column":3},"end":{"line":72,"column":null}}]},"7":{"loc":{"start":{"line":74,"column":4},"end":{"line":76,"column":null}},"type":"if","locations":[{"start":{"line":74,"column":4},"end":{"line":76,"column":null}}]},"8":{"loc":{"start":{"line":74,"column":8},"end":{"line":74,"column":58}},"type":"binary-expr","locations":[{"start":{"line":74,"column":8},"end":{"line":74,"column":48}},{"start":{"line":74,"column":52},"end":{"line":74,"column":58}}]},"9":{"loc":{"start":{"line":93,"column":4},"end":{"line":95,"column":null}},"type":"if","locations":[{"start":{"line":93,"column":4},"end":{"line":95,"column":null}}]},"10":{"loc":{"start":{"line":120,"column":4},"end":{"line":122,"column":null}},"type":"if","locations":[{"start":{"line":120,"column":4},"end":{"line":122,"column":null}}]},"11":{"loc":{"start":{"line":126,"column":4},"end":{"line":128,"column":null}},"type":"if","locations":[{"start":{"line":126,"column":4},"end":{"line":128,"column":null}}]}},"s":{"0":1,"1":1,"2":1,"3":1,"4":1,"5":1,"6":1,"7":1,"8":1,"9":1,"10":1,"11":0,"12":0,"13":0,"14":0,"15":0,"16":0,"17":3,"18":3,"19":1,"20":2,"21":2,"22":1,"23":1,"24":1,"25":1,"26":1,"27":2,"28":2,"29":2,"30":1,"31":1,"32":1,"33":0,"34":0,"35":0,"36":2,"37":2,"38":1,"39":1,"40":1,"41":1,"42":1,"43":1,"44":2,"45":2,"46":1,"47":1,"48":1,"49":1,"50":0,"51":1,"52":1,"53":1,"54":1},"f":{"0":1,"1":0,"2":3,"3":2,"4":2,"5":2},"b":{"0":[0],"1":[0],"2":[1],"3":[1],"4":[1,0],"5":[1,0],"6":[1],"7":[1],"8":[1,0],"9":[1],"10":[1],"11":[0]}}
}
