TN:
SF:src/@types/dto/UserDto.ts
FN:14,(anonymous_0)
FNF:1
FNH:0
FNDA:0,(anonymous_0)
DA:1,1
DA:3,1
DA:13,1
DA:15,0
DA:16,0
LF:5
LH:3
BRF:0
BRH:0
end_of_record
TN:
SF:src/@types/errors/ForbiddenError.ts
FN:11,(anonymous_0)
FNF:1
FNH:1
FNDA:4,(anonymous_0)
DA:7,1
DA:12,4
DA:13,4
DA:14,4
LF:4
LH:4
BRDA:11,0,0,1
BRF:1
BRH:1
end_of_record
TN:
SF:src/@types/errors/InvalidEmailOrPassword.ts
FN:5,(anonymous_0)
FNF:1
FNH:1
FNDA:2,(anonymous_0)
DA:1,1
DA:3,1
DA:6,2
DA:7,2
LF:4
LH:4
BRF:0
BRH:0
end_of_record
TN:
SF:src/@types/errors/UnauthorizedError.ts
FN:11,(anonymous_0)
FNF:1
FNH:1
FNDA:2,(anonymous_0)
DA:7,1
DA:12,2
DA:13,2
DA:14,2
LF:4
LH:4
BRDA:11,0,0,0
BRF:1
BRH:0
end_of_record
TN:
SF:src/@types/errors/UserPasswordInvalid.ts
FN:5,(anonymous_0)
FNF:1
FNH:0
FNDA:0,(anonymous_0)
DA:1,1
DA:3,1
DA:6,0
DA:7,0
LF:4
LH:2
BRF:0
BRH:0
end_of_record
TN:
SF:src/helpers/HashPassword.ts
FN:3,(anonymous_0)
FNF:1
FNH:1
FNDA:3,(anonymous_0)
DA:1,1
DA:3,1
DA:4,3
LF:3
LH:3
BRF:0
BRH:0
end_of_record
TN:
SF:src/helpers/Token.ts
FN:5,(anonymous_0)
FN:16,(anonymous_1)
FNF:2
FNH:0
FNDA:0,(anonymous_0)
FNDA:0,(anonymous_1)
DA:1,1
DA:5,1
DA:7,0
DA:11,0
DA:16,1
DA:18,0
DA:22,0
LF:7
LH:3
BRF:0
BRH:0
end_of_record
TN:
SF:src/helpers/sendEmail.ts
FN:6,sendEmail
FN:22,(anonymous_1)
FNF:2
FNH:0
FNDA:0,sendEmail
FNDA:0,(anonymous_1)
DA:1,1
DA:6,1
DA:7,0
DA:16,0
DA:22,0
DA:23,0
DA:24,0
DA:26,0
LF:8
LH:2
BRDA:23,0,0,0
BRDA:23,0,1,0
BRF:2
BRH:0
end_of_record
TN:
SF:src/models/classroomEntity.ts
FN:66,(anonymous_2)
FN:42,(anonymous_3)
FN:45,(anonymous_4)
FN:45,(anonymous_5)
FN:48,(anonymous_6)
FN:48,(anonymous_7)
FNF:6
FNH:0
FNDA:0,(anonymous_2)
FNDA:0,(anonymous_3)
FNDA:0,(anonymous_4)
FNDA:0,(anonymous_5)
FNDA:0,(anonymous_6)
FNDA:0,(anonymous_7)
DA:1,1
DA:8,1
DA:19,1
DA:20,1
DA:22,1
DA:23,1
DA:26,1
DA:29,1
DA:34,1
DA:39,1
DA:42,0
DA:43,1
DA:45,0
DA:46,1
DA:48,0
DA:49,1
DA:54,1
DA:59,1
DA:64,1
DA:67,0
DA:68,0
DA:69,0
DA:71,0
LF:23
LH:16
BRDA:67,0,0,0
BRDA:67,1,0,0
BRDA:67,1,1,0
BRF:3
BRH:0
end_of_record
TN:
SF:src/models/commentEntity.ts
FN:80,(anonymous_2)
FN:51,(anonymous_3)
FN:51,(anonymous_4)
FN:55,(anonymous_5)
FN:55,(anonymous_6)
FN:60,(anonymous_7)
FN:61,(anonymous_8)
FNF:7
FNH:0
FNDA:0,(anonymous_2)
FNDA:0,(anonymous_3)
FNDA:0,(anonymous_4)
FNDA:0,(anonymous_5)
FNDA:0,(anonymous_6)
FNDA:0,(anonymous_7)
FNDA:0,(anonymous_8)
DA:1,1
DA:11,1
DA:23,1
DA:25,1
DA:26,1
DA:27,1
DA:30,1
DA:33,1
DA:37,1
DA:43,1
DA:49,1
DA:51,0
DA:53,1
DA:55,0
DA:57,1
DA:60,0
DA:61,0
DA:63,1
DA:68,1
DA:73,1
DA:78,1
DA:81,0
DA:82,0
DA:83,0
DA:85,0
LF:25
LH:17
BRDA:81,0,0,0
BRDA:81,1,0,0
BRDA:81,1,1,0
BRF:3
BRH:0
end_of_record
TN:
SF:src/models/commentReactionEntity.ts
FN:52,(anonymous_2)
FN:30,(anonymous_3)
FN:30,(anonymous_4)
FN:34,(anonymous_5)
FN:34,(anonymous_6)
FNF:5
FNH:0
FNDA:0,(anonymous_2)
FNDA:0,(anonymous_3)
FNDA:0,(anonymous_4)
FNDA:0,(anonymous_5)
FNDA:0,(anonymous_6)
DA:1,1
DA:2,1
DA:13,1
DA:14,1
DA:17,1
DA:19,1
DA:22,1
DA:27,1
DA:30,0
DA:31,1
DA:34,0
DA:35,1
DA:40,1
DA:45,1
DA:50,1
DA:53,0
DA:54,0
DA:56,0
LF:18
LH:13
BRDA:53,0,0,0
BRF:1
BRH:0
end_of_record
TN:
SF:src/models/favoritesEntity.ts
FN:46,(anonymous_2)
FN:24,(anonymous_3)
FN:24,(anonymous_4)
FN:28,(anonymous_5)
FN:28,(anonymous_6)
FNF:5
FNH:0
FNDA:0,(anonymous_2)
FNDA:0,(anonymous_3)
FNDA:0,(anonymous_4)
FNDA:0,(anonymous_5)
FNDA:0,(anonymous_6)
DA:1,1
DA:2,1
DA:12,1
DA:13,1
DA:16,1
DA:18,1
DA:21,1
DA:24,0
DA:25,1
DA:28,0
DA:29,1
DA:34,1
DA:39,1
DA:44,1
DA:47,0
DA:48,0
DA:50,0
LF:17
LH:12
BRDA:47,0,0,0
BRF:1
BRH:0
end_of_record
TN:
SF:src/models/fileEntity.ts
FN:66,(anonymous_2)
FNF:1
FNH:0
FNDA:0,(anonymous_2)
DA:1,1
DA:10,1
DA:18,1
DA:21,1
DA:24,1
DA:29,1
DA:34,1
DA:39,1
DA:44,1
DA:49,1
DA:54,1
DA:59,1
DA:64,1
DA:67,0
DA:68,0
DA:69,0
DA:71,0
LF:17
LH:13
BRDA:67,0,0,0
BRDA:67,1,0,0
BRDA:67,1,1,0
BRF:3
BRH:0
end_of_record
TN:
SF:src/models/tagEntity.ts
FN:50,(anonymous_2)
FN:32,(anonymous_3)
FN:32,(anonymous_4)
FNF:3
FNH:0
FNDA:0,(anonymous_2)
FNDA:0,(anonymous_3)
FNDA:0,(anonymous_4)
DA:1,1
DA:8,1
DA:17,1
DA:19,1
DA:22,1
DA:25,1
DA:30,1
DA:32,0
DA:33,1
DA:38,1
DA:43,1
DA:48,1
DA:51,0
DA:52,0
DA:53,0
DA:55,0
LF:16
LH:11
BRDA:51,0,0,0
BRDA:51,1,0,0
BRDA:51,1,1,0
BRF:3
BRH:0
end_of_record
TN:
SF:src/models/userClassroomEntity.ts
FN:46,(anonymous_2)
FN:23,(anonymous_3)
FN:23,(anonymous_4)
FN:27,(anonymous_5)
FN:27,(anonymous_6)
FNF:5
FNH:0
FNDA:0,(anonymous_2)
FNDA:0,(anonymous_3)
FNDA:0,(anonymous_4)
FNDA:0,(anonymous_5)
FNDA:0,(anonymous_6)
DA:1,1
DA:2,1
DA:12,1
DA:13,1
DA:16,1
DA:18,1
DA:21,1
DA:23,0
DA:25,1
DA:27,0
DA:29,1
DA:34,1
DA:39,1
DA:44,1
DA:47,0
DA:48,0
DA:50,0
LF:17
LH:12
BRDA:47,0,0,0
BRF:1
BRH:0
end_of_record
TN:
SF:src/models/userEntity.ts
FN:86,(anonymous_2)
FN:54,(anonymous_3)
FN:58,(anonymous_4)
FN:58,(anonymous_5)
FN:61,(anonymous_6)
FN:61,(anonymous_7)
FN:64,(anonymous_8)
FN:64,(anonymous_9)
FN:67,(anonymous_10)
FN:67,(anonymous_11)
FNF:10
FNH:1
FNDA:7,(anonymous_2)
FNDA:0,(anonymous_3)
FNDA:0,(anonymous_4)
FNDA:0,(anonymous_5)
FNDA:0,(anonymous_6)
FNDA:0,(anonymous_7)
FNDA:0,(anonymous_8)
FNDA:0,(anonymous_9)
FNDA:0,(anonymous_10)
FNDA:0,(anonymous_11)
DA:1,1
DA:8,1
DA:19,1
DA:21,1
DA:22,1
DA:23,1
DA:24,1
DA:25,1
DA:28,1
DA:31,1
DA:36,1
DA:41,1
DA:46,1
DA:51,1
DA:54,0
DA:56,1
DA:58,0
DA:59,1
DA:61,0
DA:62,1
DA:64,0
DA:65,1
DA:67,0
DA:68,1
DA:73,1
DA:78,1
DA:83,1
DA:87,7
DA:88,7
DA:89,7
DA:91,7
LF:31
LH:26
BRDA:87,0,0,7
BRDA:87,1,0,7
BRDA:87,1,1,7
BRF:3
BRH:3
end_of_record
TN:
SF:src/models/videoEntity.ts
FN:91,(anonymous_2)
FN:51,(anonymous_3)
FN:55,(anonymous_4)
FN:59,(anonymous_5)
FN:63,(anonymous_6)
FN:63,(anonymous_7)
FN:66,(anonymous_8)
FN:66,(anonymous_9)
FN:70,(anonymous_10)
FN:70,(anonymous_11)
FN:73,(anonymous_12)
FN:73,(anonymous_13)
FNF:12
FNH:0
FNDA:0,(anonymous_2)
FNDA:0,(anonymous_3)
FNDA:0,(anonymous_4)
FNDA:0,(anonymous_5)
FNDA:0,(anonymous_6)
FNDA:0,(anonymous_7)
FNDA:0,(anonymous_8)
FNDA:0,(anonymous_9)
FNDA:0,(anonymous_10)
FNDA:0,(anonymous_11)
FNDA:0,(anonymous_12)
FNDA:0,(anonymous_13)
DA:1,1
DA:8,1
DA:20,1
DA:22,1
DA:23,1
DA:24,1
DA:25,1
DA:26,1
DA:27,1
DA:30,1
DA:33,1
DA:38,1
DA:43,1
DA:48,1
DA:51,0
DA:53,1
DA:55,0
DA:57,1
DA:59,0
DA:61,1
DA:63,0
DA:64,1
DA:66,0
DA:68,1
DA:70,0
DA:71,1
DA:73,0
DA:74,1
DA:79,1
DA:84,1
DA:89,1
DA:92,0
DA:93,0
DA:94,0
DA:96,0
LF:35
LH:24
BRDA:92,0,0,0
BRDA:92,1,0,0
BRDA:92,1,1,0
BRF:3
BRH:0
end_of_record
TN:
SF:src/models/videoTagEntity.ts
FN:46,(anonymous_2)
FN:23,(anonymous_3)
FN:23,(anonymous_4)
FN:27,(anonymous_5)
FN:27,(anonymous_6)
FNF:5
FNH:0
FNDA:0,(anonymous_2)
FNDA:0,(anonymous_3)
FNDA:0,(anonymous_4)
FNDA:0,(anonymous_5)
FNDA:0,(anonymous_6)
DA:1,1
DA:2,1
DA:12,1
DA:13,1
DA:16,1
DA:18,1
DA:21,1
DA:23,0
DA:25,1
DA:27,0
DA:29,1
DA:34,1
DA:39,1
DA:44,1
DA:47,0
DA:48,0
DA:50,0
LF:17
LH:12
BRDA:47,0,0,0
BRF:1
BRH:0
end_of_record
TN:
SF:src/repositories/userRepository.ts
FN:12,(anonymous_1)
FN:20,(anonymous_2)
FNF:2
FNH:0
FNDA:0,(anonymous_1)
FNDA:0,(anonymous_2)
DA:1,1
DA:5,1
DA:8,1
DA:13,0
DA:21,0
DA:22,0
LF:6
LH:3
BRF:0
BRH:0
end_of_record
TN:
SF:src/services/AuthenticationService.ts
FN:18,(anonymous_4)
FN:23,(anonymous_5)
FN:34,(anonymous_6)
FN:65,(anonymous_7)
FN:91,(anonymous_8)
FN:117,(anonymous_9)
FNF:6
FNH:5
FNDA:1,(anonymous_4)
FNDA:0,(anonymous_5)
FNDA:3,(anonymous_6)
FNDA:2,(anonymous_7)
FNDA:2,(anonymous_8)
FNDA:2,(anonymous_9)
DA:1,1
DA:2,1
DA:4,1
DA:5,1
DA:6,1
DA:7,1
DA:10,1
DA:11,1
DA:12,1
DA:17,1
DA:19,1
DA:24,0
DA:25,0
DA:26,0
DA:28,0
DA:29,0
DA:31,0
DA:35,3
DA:36,3
DA:37,1
DA:39,2
DA:41,2
DA:42,1
DA:45,1
DA:51,1
DA:52,1
DA:59,1
DA:67,2
DA:69,2
DA:70,2
DA:71,1
DA:74,1
DA:75,1
DA:78,0
DA:84,0
DA:85,0
DA:92,2
DA:93,2
DA:94,1
DA:97,1
DA:101,1
DA:103,1
DA:106,1
DA:113,1
DA:118,2
DA:120,2
DA:121,1
DA:123,1
DA:125,1
DA:126,1
DA:127,0
DA:129,1
DA:131,1
LF:53
LH:43
BRDA:25,0,0,0
BRDA:28,1,0,0
BRDA:36,2,0,1
BRDA:41,3,0,1
BRDA:54,4,0,1
BRDA:54,4,1,0
BRDA:55,5,0,1
BRDA:55,5,1,0
BRDA:70,6,0,1
BRDA:74,7,0,1
BRDA:74,8,0,1
BRDA:74,8,1,0
BRDA:93,9,0,1
BRDA:120,10,0,1
BRDA:126,11,0,0
BRF:15
BRH:9
end_of_record
